Application/build/outputs/logs/manifest-merger-debug-report.txt
-- Merging decision tree log ---
manifest
ADDED from AndroidManifest.xml:18:1
	xmlns:android
		ADDED from AndroidManifest.xml:19:11
	package
		ADDED from AndroidManifest.xml:18:11
	android:versionName
		ADDED from AndroidManifest.xml:21:11
	android:versionCode
		ADDED from AndroidManifest.xml:20:11
		INJECTED from AndroidManifest.xml:0:0
		INJECTED from AndroidManifest.xml:0:0
uses-feature#android.software.midi
ADDED from AndroidManifest.xml:23:5
	android:required
		ADDED from AndroidManifest.xml:25:9
	android:name
		ADDED from AndroidManifest.xml:24:9
application
ADDED from AndroidManifest.xml:27:5
MERGED from com.android.support:support-v4:23.1.0:22:5
MERGED from com.android.support:support-v13:23.1.0:22:5
MERGED from com.android.support:support-v4:23.1.0:22:5
MERGED from com.android.support:cardview-v7:23.1.0:22:5
	android:label
		ADDED from AndroidManifest.xml:30:9
	android:allowBackup
		ADDED from AndroidManifest.xml:28:9
	android:icon
		ADDED from AndroidManifest.xml:29:9
	android:theme
		ADDED from AndroidManifest.xml:31:9
activity#com.example.android.midisynth.MainActivity
ADDED from AndroidManifest.xml:33:9
	android:label
		ADDED from AndroidManifest.xml:35:13
	android:name
		ADDED from AndroidManifest.xml:34:13
intent-filter#android.intent.action.MAIN+android.intent.category.LAUNCHER
ADDED from AndroidManifest.xml:36:13
action#android.intent.action.MAIN
ADDED from AndroidManifest.xml:37:17
	android:name
		ADDED from AndroidManifest.xml:37:25
category#android.intent.category.LAUNCHER
ADDED from AndroidManifest.xml:38:17
	android:name
		ADDED from AndroidManifest.xml:38:27
service#com.example.android.midisynth.MidiSynthDeviceService
ADDED from AndroidManifest.xml:42:9
	android:permission
		ADDED from AndroidManifest.xml:44:13
	android:name
		ADDED from AndroidManifest.xml:43:13
intent-filter#android.media.midi.MidiDeviceService
ADDED from AndroidManifest.xml:45:13
action#android.media.midi.MidiDeviceService
ADDED from AndroidManifest.xml:46:17
	android:name
		ADDED from AndroidManifest.xml:46:25
meta-data#android.media.midi.MidiDeviceService
ADDED from AndroidManifest.xml:48:13
	android:resource
		ADDED from AndroidManifest.xml:50:17
	android:name
		ADDED from AndroidManifest.xml:49:17
uses-sdk
INJECTED from AndroidManifest.xml:0:0 reason: use-sdk injection requested
MERGED from com.android.support:support-v4:23.1.0:20:5
MERGED from com.android.support:support-v13:23.1.0:20:5
MERGED from com.android.support:support-v4:23.1.0:20:5
MERGED from com.android.support:cardview-v7:23.1.0:20:5
	android:targetSdkVersion
		INJECTED from AndroidManifest.xml:0:0
		INJECTED from AndroidManifest.xml:0:0
	android:minSdkVersion
		INJECTED from AndroidManifest.xml:0:0
		INJECTED from AndroidManifest.xml:0:0